<?xml version="1.0" encoding="UTF-8"?>
<coverage generated="1702603924969" clover="3.2.0">
  <project timestamp="1702603924969" name="All files">
    <metrics statements="7" coveredstatements="6" conditionals="2" coveredconditionals="1" methods="2" coveredmethods="2" elements="11" coveredelements="9" complexity="0" loc="7" ncloc="7" packages="1" files="2" classes="2"/>
    <file name="inputCheatCode.ts" path="D:\something\github-action-test\src\utils\inputCheatCode.ts">
      <metrics statements="5" coveredstatements="4" conditionals="2" coveredconditionals="1" methods="1" coveredmethods="1"/>
      <line num="1" count="1" type="stmt"/>
      <line num="2" count="1" type="stmt"/>
      <line num="6" count="1" type="cond" truecount="1" falsecount="1"/>
      <line num="7" count="1" type="stmt"/>
      <line num="9" count="0" type="stmt"/>
    </file>
    <file name="sum.ts" path="D:\something\github-action-test\src\utils\sum.ts">
      <metrics statements="2" coveredstatements="2" conditionals="0" coveredconditionals="0" methods="1" coveredmethods="1"/>
      <line num="1" count="1" type="stmt"/>
      <line num="2" count="1" type="stmt"/>
    </file>
  </project>
</coverage>
