<?xml version="1.0" encoding="UTF-8"?>
<coverage generated="1702616783602" clover="3.2.0">
  <project timestamp="1702616783602" name="All files">
    <metrics statements="20" coveredstatements="20" conditionals="14" coveredconditionals="14" methods="5" coveredmethods="5" elements="39" coveredelements="39" complexity="0" loc="20" ncloc="20" packages="1" files="3" classes="3"/>
    <file name="inputCheatCode.ts" path="D:\something\github-action-test\src\utils\inputCheatCode.ts">
      <metrics statements="5" coveredstatements="5" conditionals="2" coveredconditionals="2" methods="1" coveredmethods="1"/>
      <line num="1" count="1" type="stmt"/>
      <line num="2" count="2" type="stmt"/>
      <line num="6" count="2" type="cond" truecount="2" falsecount="0"/>
      <line num="7" count="1" type="stmt"/>
      <line num="9" count="1" type="stmt"/>
    </file>
    <file name="numComma.ts" path="D:\something\github-action-test\src\utils\numComma.ts">
      <metrics statements="13" coveredstatements="13" conditionals="12" coveredconditionals="12" methods="3" coveredmethods="3"/>
      <line num="1" count="1" type="stmt"/>
      <line num="2" count="20" type="stmt"/>
      <line num="7" count="1" type="stmt"/>
      <line num="8" count="35" type="cond" truecount="4" falsecount="0"/>
      <line num="9" count="7" type="cond" truecount="2" falsecount="0"/>
      <line num="10" count="14" type="stmt"/>
      <line num="12" count="5" type="stmt"/>
      <line num="13" count="5" type="stmt"/>
      <line num="14" count="12" type="stmt"/>
      <line num="16" count="5" type="stmt"/>
      <line num="18" count="28" type="cond" truecount="6" falsecount="0"/>
      <line num="19" count="20" type="stmt"/>
      <line num="21" count="8" type="stmt"/>
    </file>
    <file name="sum.ts" path="D:\something\github-action-test\src\utils\sum.ts">
      <metrics statements="2" coveredstatements="2" conditionals="0" coveredconditionals="0" methods="1" coveredmethods="1"/>
      <line num="1" count="1" type="stmt"/>
      <line num="2" count="1" type="stmt"/>
    </file>
  </project>
</coverage>
