TN:
SF:src\utils\inputCheatCode.ts
FN:1,inputCheatCode
FNF:1
FNH:1
FNDA:2,inputCheatCode
DA:1,1
DA:2,2
DA:6,2
DA:7,1
DA:9,1
LF:5
LH:5
BRDA:6,0,0,1
BRDA:6,0,1,1
BRF:2
BRH:2
end_of_record
TN:
SF:src\utils\numComma.ts
FN:1,(anonymous_0)
FN:7,(anonymous_1)
FN:10,(anonymous_2)
FNF:3
FNH:3
FNDA:20,(anonymous_0)
FNDA:35,(anonymous_1)
FNDA:14,(anonymous_2)
DA:1,1
DA:2,20
DA:7,1
DA:8,35
DA:9,7
DA:10,14
DA:12,5
DA:13,5
DA:14,12
DA:16,5
DA:18,28
DA:19,20
DA:21,8
LF:13
LH:13
BRDA:8,0,0,7
BRDA:8,0,1,28
BRDA:8,1,0,35
BRDA:8,1,1,9
BRDA:9,2,0,2
BRDA:9,2,1,5
BRDA:18,3,0,20
BRDA:18,3,1,8
BRDA:18,4,0,28
BRDA:18,4,1,9
BRDA:18,4,2,4
BRDA:18,4,3,4
BRF:12
BRH:12
end_of_record
TN:
SF:src\utils\sum.ts
FN:1,sum
FNF:1
FNH:1
FNDA:1,sum
DA:1,1
DA:2,1
LF:2
LH:2
BRF:0
BRH:0
end_of_record
